#
# There is insufficient memory for the Java Runtime Environment to continue.
# Native memory allocation (malloc) failed to allocate 284016 bytes for Chunk::new
# Possible reasons:
#   The system is out of physical RAM or swap space
#   The process is running with CompressedOops enabled, and the Java Heap may be blocking the growth of the native heap
# Possible solutions:
#   Reduce memory load on the system
#   Increase physical memory or swap space
#   Check if swap backing store is full
#   Decrease Java heap size (-Xmx/-Xms)
#   Decrease number of Java threads
#   Decrease Java thread stack sizes (-Xss)
#   Set larger code cache with -XX:ReservedCodeCacheSize=
#   JVM is running with Unscaled Compressed Oops mode in which the Java heap is
#     placed in the first 4GB address space. The Java Heap base address is the
#     maximum limit for the native heap growth. Please use -XX:HeapBaseMinAddress
#     to set the Java Heap base and to place the Java Heap above 4GB virtual address.
# This output file may be truncated or incomplete.
#
#  Out of Memory Error (arena.cpp:189), pid=10128, tid=23928
#
# JRE version: OpenJDK Runtime Environment Temurin-17.0.3+7 (17.0.3+7) (build 17.0.3+7)
# Java VM: OpenJDK 64-Bit Server VM Temurin-17.0.3+7 (17.0.3+7, mixed mode, tiered, compressed oops, compressed class ptrs, parallel gc, windows-amd64)
# No core dump will be written. Minidumps are not enabled by default on client versions of Windows
#

---------------  S U M M A R Y ------------

Command Line: --add-modules=ALL-SYSTEM --add-opens=java.base/java.util=ALL-UNNAMED --add-opens=java.base/java.lang=ALL-UNNAMED --add-opens=java.base/sun.nio.fs=ALL-UNNAMED -Declipse.application=org.eclipse.jdt.ls.core.id1 -Dosgi.bundles.defaultStartLevel=4 -Declipse.product=org.eclipse.jdt.ls.core.product -Djava.import.generatesMetadataFilesAtProjectRoot=false -Dfile.encoding=utf8 -DwatchParentProcess=false -XX:+UseParallelGC -XX:GCTimeRatio=4 -XX:AdaptiveSizePolicyWeight=90 -Dsun.zip.disableMemoryMapping=true -Xmx1G -Xms100m -javaagent:c:\Users\Lenovo\.vscode\extensions\redhat.java-1.9.0-win32-x64\lombok\lombok-1.18.24.jar -XX:+HeapDumpOnOutOfMemoryError -XX:HeapDumpPath=c:\Users\Lenovo\AppData\Roaming\Code\User\workspaceStorage\7b35a879ce3f0ccafaa0f442e0cf8095\redhat.java c:\Users\Lenovo\.vscode\extensions\redhat.java-1.9.0-win32-x64\server\plugins\org.eclipse.equinox.launcher_1.6.400.v20210924-0641.jar -configuration c:\Users\Lenovo\AppData\Roaming\Code\User\globalStorage\redhat.java\1.9.0\config_win -data c:\Users\Lenovo\AppData\Roaming\Code\User\workspaceStorage\7b35a879ce3f0ccafaa0f442e0cf8095\redhat.java\jdt_ws

Host: Intel(R) Core(TM) i5-7300U CPU @ 2.60GHz, 4 cores, 15G,  Windows 10 , 64 bit Build 19041 (10.0.19041.1806)
Time: Mon Jul 25 20:34:27 2022 SE Asia Standard Time elapsed time: 10.072629 seconds (0d 0h 0m 10s)

---------------  T H R E A D  ---------------

Current thread (0x000001ca3efd6230):  JavaThread "C2 CompilerThread1" daemon [_thread_in_native, id=23928, stack(0x0000003c06000000,0x0000003c06100000)]


Current CompileTask:
C2:  10072 2721   !   4       java.util.zip.ZipFile::getEntry (59 bytes)

Stack: [0x0000003c06000000,0x0000003c06100000]
Native frames: (J=compiled Java code, j=interpreted, Vv=VM code, C=native code)
V  [jvm.dll+0x675efa]
V  [jvm.dll+0x830a24]
V  [jvm.dll+0x8321ce]
V  [jvm.dll+0x832833]
V  [jvm.dll+0x2454b5]
V  [jvm.dll+0xabd7b]
V  [jvm.dll+0xac30c]
V  [jvm.dll+0x3635d2]
V  [jvm.dll+0x32dca1]
V  [jvm.dll+0x32d14a]
V  [jvm.dll+0x218361]
V  [jvm.dll+0x217781]
V  [jvm.dll+0x1a3ccd]
V  [jvm.dll+0x227178]
V  [jvm.dll+0x2252bc]
V  [jvm.dll+0x7e673b]
V  [jvm.dll+0x7e0cfa]
V  [jvm.dll+0x674d85]
C  [ucrtbase.dll+0x21bb2]
C  [KERNEL32.DLL+0x17034]
C  [ntdll.dll+0x52651]


---------------  P R O C E S S  ---------------

Threads class SMR info:
_java_thread_list=0x000001ca3eeacb20, length=23, elements={
0x000001ca293eca70, 0x000001ca3d1f8b60, 0x000001ca3d1f99d0, 0x000001ca3d232020,
0x000001ca3d232da0, 0x000001ca3d236a30, 0x000001ca3d238550, 0x000001ca3d2392e0,
0x000001ca3d239d80, 0x000001ca3ec17000, 0x000001ca3ecc50b0, 0x000001ca3eef5f00,
0x000001ca3f6551b0, 0x000001ca40161b10, 0x000001ca3f6a6c10, 0x000001ca402e2030,
0x000001ca3f73a480, 0x000001ca3f21acc0, 0x000001ca3f21a7f0, 0x000001ca3f21b660,
0x000001ca3f21c000, 0x000001ca3f21bb30, 0x000001ca3efd6230
}

Java Threads: ( => current thread )
  0x000001ca293eca70 JavaThread "main" [_thread_blocked, id=24168, stack(0x0000003c04300000,0x0000003c04400000)]
  0x000001ca3d1f8b60 JavaThread "Reference Handler" daemon [_thread_blocked, id=24404, stack(0x0000003c04700000,0x0000003c04800000)]
  0x000001ca3d1f99d0 JavaThread "Finalizer" daemon [_thread_blocked, id=9004, stack(0x0000003c04800000,0x0000003c04900000)]
  0x000001ca3d232020 JavaThread "Signal Dispatcher" daemon [_thread_blocked, id=4632, stack(0x0000003c04900000,0x0000003c04a00000)]
  0x000001ca3d232da0 JavaThread "Attach Listener" daemon [_thread_blocked, id=1480, stack(0x0000003c04a00000,0x0000003c04b00000)]
  0x000001ca3d236a30 JavaThread "Service Thread" daemon [_thread_blocked, id=9284, stack(0x0000003c04b00000,0x0000003c04c00000)]
  0x000001ca3d238550 JavaThread "Monitor Deflation Thread" daemon [_thread_blocked, id=24412, stack(0x0000003c04c00000,0x0000003c04d00000)]
  0x000001ca3d2392e0 JavaThread "C2 CompilerThread0" daemon [_thread_in_native, id=14948, stack(0x0000003c04d00000,0x0000003c04e00000)]
  0x000001ca3d239d80 JavaThread "C1 CompilerThread0" daemon [_thread_blocked, id=23336, stack(0x0000003c04e00000,0x0000003c04f00000)]
  0x000001ca3ec17000 JavaThread "Sweeper thread" daemon [_thread_blocked, id=18588, stack(0x0000003c04f00000,0x0000003c05000000)]
  0x000001ca3ecc50b0 JavaThread "Common-Cleaner" daemon [_thread_blocked, id=24476, stack(0x0000003c05000000,0x0000003c05100000)]
  0x000001ca3eef5f00 JavaThread "Notification Thread" daemon [_thread_blocked, id=18584, stack(0x0000003c05100000,0x0000003c05200000)]
  0x000001ca3f6551b0 JavaThread "Active Thread: Equinox Container: 64349a46-93df-48d3-a14f-9496e6483835" [_thread_blocked, id=23592, stack(0x0000003c05600000,0x0000003c05700000)]
  0x000001ca40161b10 JavaThread "Framework Event Dispatcher: Equinox Container: 64349a46-93df-48d3-a14f-9496e6483835" daemon [_thread_blocked, id=20584, stack(0x0000003c05700000,0x0000003c05800000)]
  0x000001ca3f6a6c10 JavaThread "Start Level: Equinox Container: 64349a46-93df-48d3-a14f-9496e6483835" daemon [_thread_in_Java, id=20160, stack(0x0000003c05800000,0x0000003c05900000)]
  0x000001ca402e2030 JavaThread "SCR Component Actor" daemon [_thread_blocked, id=10896, stack(0x0000003c05900000,0x0000003c05a00000)]
  0x000001ca3f73a480 JavaThread "SCR Component Registry" daemon [_thread_blocked, id=23664, stack(0x0000003c05a00000,0x0000003c05b00000)]
  0x000001ca3f21acc0 JavaThread "Bundle File Closer" daemon [_thread_blocked, id=16408, stack(0x0000003c05b00000,0x0000003c05c00000)]
  0x000001ca3f21a7f0 JavaThread "Worker-JM" [_thread_blocked, id=19840, stack(0x0000003c05c00000,0x0000003c05d00000)]
  0x000001ca3f21b660 JavaThread "Worker-0: Checking project encoding" [_thread_blocked, id=23596, stack(0x0000003c05d00000,0x0000003c05e00000)]
  0x000001ca3f21c000 JavaThread "Worker-1: Refreshing workspace" [_thread_blocked, id=13860, stack(0x0000003c05e00000,0x0000003c05f00000)]
  0x000001ca3f21bb30 JavaThread "Worker-2" [_thread_blocked, id=23516, stack(0x0000003c05f00000,0x0000003c06000000)]
=>0x000001ca3efd6230 JavaThread "C2 CompilerThread1" daemon [_thread_in_native, id=23928, stack(0x0000003c06000000,0x0000003c06100000)]

Other Threads:
  0x000001ca294bed00 VMThread "VM Thread" [stack: 0x0000003c04600000,0x0000003c04700000] [id=21224]
  0x000001ca3eef63d0 WatcherThread [stack: 0x0000003c05200000,0x0000003c05300000] [id=22140]
  0x000001ca29405520 GCTaskThread "GC Thread#0" [stack: 0x0000003c04500000,0x0000003c04600000] [id=11812]
  0x000001ca3f0a4a20 GCTaskThread "GC Thread#1" [stack: 0x0000003c05300000,0x0000003c05400000] [id=24392]
  0x000001ca3f165c50 GCTaskThread "GC Thread#2" [stack: 0x0000003c05400000,0x0000003c05500000] [id=22816]
  0x000001ca3f165f00 GCTaskThread "GC Thread#3" [stack: 0x0000003c05500000,0x0000003c05600000] [id=12168]

Threads with active compile tasks:
C2 CompilerThread0    10137 2737       4       java.util.HashMap::putVal (300 bytes)
C2 CompilerThread1    10137 2721   !   4       java.util.zip.ZipFile::getEntry (59 bytes)

VM state: not at safepoint (normal execution)

VM Mutex/Monitor currently owned by a thread: None

Heap address: 0x00000000c0000000, size: 1024 MB, Compressed Oops mode: 32-bit

CDS archive(s) not mapped
Compressed class space mapped at: 0x0000000100000000-0x0000000140000000, reserved size: 1073741824
Narrow klass base: 0x0000000000000000, Narrow klass shift: 3, Narrow klass range: 0x140000000

GC Precious Log:
 CPUs: 4 total, 4 available
 Memory: 16223M
 Large Page Support: Disabled
 NUMA Support: Disabled
 Compressed Oops: Enabled (32-bit)
 Alignments: Space 512K, Generation 512K, Heap 2M
 Heap Min Capacity: 100M
 Heap Initial Capacity: 100M
 Heap Max Capacity: 1G
 Pre-touch: Disabled
 Parallel Workers: 4

Heap:
 PSYoungGen      total 29696K, used 16602K [0x00000000eab00000, 0x00000000ecc00000, 0x0000000100000000)
  eden space 25600K, 64% used [0x00000000eab00000,0x00000000ebb36bc0,0x00000000ec400000)
  from space 4096K, 0% used [0x00000000ec800000,0x00000000ec800000,0x00000000ecc00000)
  to   space 4096K, 0% used [0x00000000ec400000,0x00000000ec400000,0x00000000ec800000)
 ParOldGen       total 68608K, used 10363K [0x00000000c0000000, 0x00000000c4300000, 0x00000000eab00000)
  object space 68608K, 15% used [0x00000000c0000000,0x00000000c0a1edf8,0x00000000c4300000)
 Metaspace       used 23046K, committed 23488K, reserved 1073152K
  class space    used 2352K, committed 2560K, reserved 1048576K

Card table byte_map: [0x000001ca28db0000,0x000001ca28fc0000] _byte_map_base: 0x000001ca287b0000

Marking Bits: (ParMarkBitMap*) 0x00007ffb46ba4b80
 Begin Bits: [0x000001ca3b070000, 0x000001ca3c070000)
 End Bits:   [0x000001ca3c070000, 0x000001ca3d070000)

Polling page: 0x000001ca27580000

Metaspace:

Usage:
  Non-class:     20.21 MB used.
      Class:      2.30 MB used.
       Both:     22.51 MB used.

Virtual space:
  Non-class space:       24.00 MB reserved,      20.44 MB ( 85%) committed,  3 nodes.
      Class space:        1.00 GB reserved,       2.50 MB ( <1%) committed,  1 nodes.
             Both:        1.02 GB reserved,      22.94 MB (  2%) committed. 

Chunk freelists:
   Non-Class:  2.72 MB
       Class:  1.54 MB
        Both:  4.27 MB

MaxMetaspaceSize: unlimited
CompressedClassSpaceSize: 1.00 GB
Initial GC threshold: 21.00 MB
Current GC threshold: 35.00 MB
CDS: off
MetaspaceReclaimPolicy: balanced
 - commit_granule_bytes: 65536.
 - commit_granule_words: 8192.
 - virtual_space_node_default_size: 1048576.
 - enlarge_chunks_in_place: 1.
 - new_chunks_are_fully_committed: 0.
 - uncommit_free_chunks: 1.
 - use_allocation_guard: 0.
 - handle_deallocations: 1.


Internal statistics:

num_allocs_failed_limit: 3.
num_arena_births: 188.
num_arena_deaths: 14.
num_vsnodes_births: 4.
num_vsnodes_deaths: 0.
num_space_committed: 367.
num_space_uncommitted: 0.
num_chunks_returned_to_freelist: 17.
num_chunks_taken_from_freelist: 755.
num_chunk_merges: 7.
num_chunk_splits: 498.
num_chunks_enlarged: 342.
num_purges: 2.
num_inconsistent_stats: 0.

CodeHeap 'non-profiled nmethods': size=120000Kb used=1087Kb max_used=1087Kb free=118912Kb
 bounds [0x000001ca33b40000, 0x000001ca33db0000, 0x000001ca3b070000]
CodeHeap 'profiled nmethods': size=120000Kb used=5593Kb max_used=5593Kb free=114406Kb
 bounds [0x000001ca2c610000, 0x000001ca2cb90000, 0x000001ca33b40000]
CodeHeap 'non-nmethods': size=5760Kb used=1187Kb max_used=1240Kb free=4572Kb
 bounds [0x000001ca2c070000, 0x000001ca2c2e0000, 0x000001ca2c610000]
 total_blobs=3222 nmethods=2730 adapters=406
 compilation: enabled
              stopped_count=0, restarted_count=0
 full_count=0

Compilation events (20 events):
Event: 10.024 Thread 0x000001ca3efd6230 nmethod 2718 0x000001ca33c4c610 code [0x000001ca33c4c7a0, 0x000001ca33c4ca48]
Event: 10.026 Thread 0x000001ca3efd6230 2719   !   4       org.eclipse.osgi.internal.loader.BundleLoader::getModuleClassLoader (196 bytes)
Event: 10.028 Thread 0x000001ca3d2392e0 2720   !   4       java.util.zip.ZipFile$Source::getEntryPos (173 bytes)
Event: 10.033 Thread 0x000001ca3efd6230 nmethod 2719 0x000001ca33c4cc90 code [0x000001ca33c4ce40, 0x000001ca33c4d3f8]
Event: 10.033 Thread 0x000001ca3efd6230 2721   !   4       java.util.zip.ZipFile::getEntry (59 bytes)
Event: 10.037 Thread 0x000001ca3d239d80 2722       3       java.util.StringJoiner::checkAddLength (50 bytes)
Event: 10.037 Thread 0x000001ca3d239d80 nmethod 2722 0x000001ca2cb7c410 code [0x000001ca2cb7c5e0, 0x000001ca2cb7ca08]
Event: 10.037 Thread 0x000001ca3d239d80 2723       1       org.apache.felix.scr.impl.metadata.ReferenceMetadata::isMultiple (5 bytes)
Event: 10.037 Thread 0x000001ca3d239d80 nmethod 2723 0x000001ca33c4d890 code [0x000001ca33c4da20, 0x000001ca33c4daf8]
Event: 10.039 Thread 0x000001ca3d239d80 2724       3       java.util.concurrent.CountDownLatch::countDown (10 bytes)
Event: 10.040 Thread 0x000001ca3d239d80 nmethod 2724 0x000001ca2cb7cc10 code [0x000001ca2cb7cde0, 0x000001ca2cb7d038]
Event: 10.043 Thread 0x000001ca3d239d80 2725       3       java.util.Collections$SingletonSet::iterator (8 bytes)
Event: 10.043 Thread 0x000001ca3d239d80 nmethod 2725 0x000001ca2cb7d190 code [0x000001ca2cb7d340, 0x000001ca2cb7d5d8]
Event: 10.043 Thread 0x000001ca3d239d80 2726       3       jdk.internal.reflect.ReflectionFactory::newFieldAccessor (83 bytes)
Event: 10.044 Thread 0x000001ca3d239d80 nmethod 2726 0x000001ca2cb7d710 code [0x000001ca2cb7d900, 0x000001ca2cb7def8]
Event: 10.048 Thread 0x000001ca3d239d80 2727       3       java.lang.reflect.Method::<init> (68 bytes)
Event: 10.049 Thread 0x000001ca3d239d80 nmethod 2727 0x000001ca2cb7e190 code [0x000001ca2cb7e340, 0x000001ca2cb7e658]
Event: 10.049 Thread 0x000001ca3d239d80 2728       3       java.lang.reflect.Method::copy (84 bytes)
Event: 10.049 Thread 0x000001ca3d239d80 nmethod 2728 0x000001ca2cb7e790 code [0x000001ca2cb7e940, 0x000001ca2cb7ecb8]
Event: 10.056 Thread 0x000001ca3d2392e0 nmethod 2720 0x000001ca33c4db90 code [0x000001ca33c4dd60, 0x000001ca33c4ea88]

GC Heap History (10 events):
Event: 3.240 GC heap before
{Heap before GC invocations=1 (full 0):
 PSYoungGen      total 29696K, used 25600K [0x00000000eab00000, 0x00000000ecc00000, 0x0000000100000000)
  eden space 25600K, 100% used [0x00000000eab00000,0x00000000ec400000,0x00000000ec400000)
  from space 4096K, 0% used [0x00000000ec800000,0x00000000ec800000,0x00000000ecc00000)
  to   space 4096K, 0% used [0x00000000ec400000,0x00000000ec400000,0x00000000ec800000)
 ParOldGen       total 68608K, used 0K [0x00000000c0000000, 0x00000000c4300000, 0x00000000eab00000)
  object space 68608K, 0% used [0x00000000c0000000,0x00000000c0000000,0x00000000c4300000)
 Metaspace       used 10780K, committed 10944K, reserved 1064960K
  class space    used 1082K, committed 1152K, reserved 1048576K
}
Event: 3.351 GC heap after
{Heap after GC invocations=1 (full 0):
 PSYoungGen      total 29696K, used 3256K [0x00000000eab00000, 0x00000000ecc00000, 0x0000000100000000)
  eden space 25600K, 0% used [0x00000000eab00000,0x00000000eab00000,0x00000000ec400000)
  from space 4096K, 79% used [0x00000000ec400000,0x00000000ec72e1a0,0x00000000ec800000)
  to   space 4096K, 0% used [0x00000000ec800000,0x00000000ec800000,0x00000000ecc00000)
 ParOldGen       total 68608K, used 0K [0x00000000c0000000, 0x00000000c4300000, 0x00000000eab00000)
  object space 68608K, 0% used [0x00000000c0000000,0x00000000c0000000,0x00000000c4300000)
 Metaspace       used 10780K, committed 10944K, reserved 1064960K
  class space    used 1082K, committed 1152K, reserved 1048576K
}
Event: 5.904 GC heap before
{Heap before GC invocations=2 (full 0):
 PSYoungGen      total 29696K, used 28856K [0x00000000eab00000, 0x00000000ecc00000, 0x0000000100000000)
  eden space 25600K, 100% used [0x00000000eab00000,0x00000000ec400000,0x00000000ec400000)
  from space 4096K, 79% used [0x00000000ec400000,0x00000000ec72e1a0,0x00000000ec800000)
  to   space 4096K, 0% used [0x00000000ec800000,0x00000000ec800000,0x00000000ecc00000)
 ParOldGen       total 68608K, used 0K [0x00000000c0000000, 0x00000000c4300000, 0x00000000eab00000)
  object space 68608K, 0% used [0x00000000c0000000,0x00000000c0000000,0x00000000c4300000)
 Metaspace       used 14828K, committed 15104K, reserved 1064960K
  class space    used 1514K, committed 1664K, reserved 1048576K
}
Event: 5.913 GC heap after
{Heap after GC invocations=2 (full 0):
 PSYoungGen      total 29696K, used 4094K [0x00000000eab00000, 0x00000000ecc00000, 0x0000000100000000)
  eden space 25600K, 0% used [0x00000000eab00000,0x00000000eab00000,0x00000000ec400000)
  from space 4096K, 99% used [0x00000000ec800000,0x00000000ecbff9d0,0x00000000ecc00000)
  to   space 4096K, 0% used [0x00000000ec400000,0x00000000ec400000,0x00000000ec800000)
 ParOldGen       total 68608K, used 1362K [0x00000000c0000000, 0x00000000c4300000, 0x00000000eab00000)
  object space 68608K, 1% used [0x00000000c0000000,0x00000000c0154840,0x00000000c4300000)
 Metaspace       used 14828K, committed 15104K, reserved 1064960K
  class space    used 1514K, committed 1664K, reserved 1048576K
}
Event: 7.793 GC heap before
{Heap before GC invocations=3 (full 0):
 PSYoungGen      total 29696K, used 29694K [0x00000000eab00000, 0x00000000ecc00000, 0x0000000100000000)
  eden space 25600K, 100% used [0x00000000eab00000,0x00000000ec400000,0x00000000ec400000)
  from space 4096K, 99% used [0x00000000ec800000,0x00000000ecbff9d0,0x00000000ecc00000)
  to   space 4096K, 0% used [0x00000000ec400000,0x00000000ec400000,0x00000000ec800000)
 ParOldGen       total 68608K, used 1362K [0x00000000c0000000, 0x00000000c4300000, 0x00000000eab00000)
  object space 68608K, 1% used [0x00000000c0000000,0x00000000c0154840,0x00000000c4300000)
 Metaspace       used 17941K, committed 18240K, reserved 1073152K
  class space    used 1804K, committed 1920K, reserved 1048576K
}
Event: 7.801 GC heap after
{Heap after GC invocations=3 (full 0):
 PSYoungGen      total 29696K, used 4092K [0x00000000eab00000, 0x00000000ecc00000, 0x0000000100000000)
  eden space 25600K, 0% used [0x00000000eab00000,0x00000000eab00000,0x00000000ec400000)
  from space 4096K, 99% used [0x00000000ec400000,0x00000000ec7ff3d8,0x00000000ec800000)
  to   space 4096K, 0% used [0x00000000ec800000,0x00000000ec800000,0x00000000ecc00000)
 ParOldGen       total 68608K, used 5603K [0x00000000c0000000, 0x00000000c4300000, 0x00000000eab00000)
  object space 68608K, 8% used [0x00000000c0000000,0x00000000c0578df0,0x00000000c4300000)
 Metaspace       used 17941K, committed 18240K, reserved 1073152K
  class space    used 1804K, committed 1920K, reserved 1048576K
}
Event: 9.287 GC heap before
{Heap before GC invocations=4 (full 0):
 PSYoungGen      total 29696K, used 20178K [0x00000000eab00000, 0x00000000ecc00000, 0x0000000100000000)
  eden space 25600K, 62% used [0x00000000eab00000,0x00000000ebab5608,0x00000000ec400000)
  from space 4096K, 99% used [0x00000000ec400000,0x00000000ec7ff3d8,0x00000000ec800000)
  to   space 4096K, 0% used [0x00000000ec800000,0x00000000ec800000,0x00000000ecc00000)
 ParOldGen       total 68608K, used 5603K [0x00000000c0000000, 0x00000000c4300000, 0x00000000eab00000)
  object space 68608K, 8% used [0x00000000c0000000,0x00000000c0578df0,0x00000000c4300000)
 Metaspace       used 21076K, committed 21504K, reserved 1073152K
  class space    used 2120K, committed 2368K, reserved 1048576K
}
Event: 9.292 GC heap after
{Heap after GC invocations=4 (full 0):
 PSYoungGen      total 29696K, used 4065K [0x00000000eab00000, 0x00000000ecc00000, 0x0000000100000000)
  eden space 25600K, 0% used [0x00000000eab00000,0x00000000eab00000,0x00000000ec400000)
  from space 4096K, 99% used [0x00000000ec800000,0x00000000ecbf86c8,0x00000000ecc00000)
  to   space 4096K, 0% used [0x00000000ec400000,0x00000000ec400000,0x00000000ec800000)
 ParOldGen       total 68608K, used 6495K [0x00000000c0000000, 0x00000000c4300000, 0x00000000eab00000)
  object space 68608K, 9% used [0x00000000c0000000,0x00000000c0657fb8,0x00000000c4300000)
 Metaspace       used 21076K, committed 21504K, reserved 1073152K
  class space    used 2120K, committed 2368K, reserved 1048576K
}
Event: 9.292 GC heap before
{Heap before GC invocations=5 (full 1):
 PSYoungGen      total 29696K, used 4065K [0x00000000eab00000, 0x00000000ecc00000, 0x0000000100000000)
  eden space 25600K, 0% used [0x00000000eab00000,0x00000000eab00000,0x00000000ec400000)
  from space 4096K, 99% used [0x00000000ec800000,0x00000000ecbf86c8,0x00000000ecc00000)
  to   space 4096K, 0% used [0x00000000ec400000,0x00000000ec400000,0x00000000ec800000)
 ParOldGen       total 68608K, used 6495K [0x00000000c0000000, 0x00000000c4300000, 0x00000000eab00000)
  object space 68608K, 9% used [0x00000000c0000000,0x00000000c0657fb8,0x00000000c4300000)
 Metaspace       used 21076K, committed 21504K, reserved 1073152K
  class space    used 2120K, committed 2368K, reserved 1048576K
}
Event: 9.332 GC heap after
{Heap after GC invocations=5 (full 1):
 PSYoungGen      total 29696K, used 0K [0x00000000eab00000, 0x00000000ecc00000, 0x0000000100000000)
  eden space 25600K, 0% used [0x00000000eab00000,0x00000000eab00000,0x00000000ec400000)
  from space 4096K, 0% used [0x00000000ec800000,0x00000000ec800000,0x00000000ecc00000)
  to   space 4096K, 0% used [0x00000000ec400000,0x00000000ec400000,0x00000000ec800000)
 ParOldGen       total 68608K, used 10363K [0x00000000c0000000, 0x00000000c4300000, 0x00000000eab00000)
  object space 68608K, 15% used [0x00000000c0000000,0x00000000c0a1edf8,0x00000000c4300000)
 Metaspace       used 21063K, committed 21504K, reserved 1073152K
  class space    used 2117K, committed 2368K, reserved 1048576K
}

Deoptimization events (20 events):
Event: 9.802 Thread 0x000001ca3f6a6c10 DEOPT PACKING pc=0x000001ca2c93339e sp=0x0000003c058f2450
Event: 9.802 Thread 0x000001ca3f6a6c10 DEOPT UNPACKING pc=0x000001ca2c0c2843 sp=0x0000003c058f1948 mode 0
Event: 9.915 Thread 0x000001ca3f6a6c10 DEOPT PACKING pc=0x000001ca2cb4e8d6 sp=0x0000003c058f39e0
Event: 9.916 Thread 0x000001ca3f6a6c10 DEOPT UNPACKING pc=0x000001ca2c0c2843 sp=0x0000003c058f2e80 mode 0
Event: 9.968 Thread 0x000001ca3f6a6c10 Uncommon trap: trap_request=0xffffffde fr.pc=0x000001ca33c490c4 relative=0x0000000000000124
Event: 9.968 Thread 0x000001ca3f6a6c10 Uncommon trap: reason=class_check action=maybe_recompile pc=0x000001ca33c490c4 method=jdk.internal.misc.Unsafe.allocateUninitializedArray(Ljava/lang/Class;I)Ljava/lang/Object; @ 51 c2
Event: 9.968 Thread 0x000001ca3f6a6c10 DEOPT PACKING pc=0x000001ca33c490c4 sp=0x0000003c058f2eb0
Event: 9.968 Thread 0x000001ca3f6a6c10 DEOPT UNPACKING pc=0x000001ca2c0c20a3 sp=0x0000003c058f2e38 mode 2
Event: 9.968 Thread 0x000001ca3f6a6c10 Uncommon trap: trap_request=0xffffffde fr.pc=0x000001ca33c490c4 relative=0x0000000000000124
Event: 9.968 Thread 0x000001ca3f6a6c10 Uncommon trap: reason=class_check action=maybe_recompile pc=0x000001ca33c490c4 method=jdk.internal.misc.Unsafe.allocateUninitializedArray(Ljava/lang/Class;I)Ljava/lang/Object; @ 51 c2
Event: 9.968 Thread 0x000001ca3f6a6c10 DEOPT PACKING pc=0x000001ca33c490c4 sp=0x0000003c058f2eb0
Event: 9.968 Thread 0x000001ca3f6a6c10 DEOPT UNPACKING pc=0x000001ca2c0c20a3 sp=0x0000003c058f2e38 mode 2
Event: 9.968 Thread 0x000001ca3f6a6c10 Uncommon trap: trap_request=0xffffffde fr.pc=0x000001ca33c490c4 relative=0x0000000000000124
Event: 9.968 Thread 0x000001ca3f6a6c10 Uncommon trap: reason=class_check action=maybe_recompile pc=0x000001ca33c490c4 method=jdk.internal.misc.Unsafe.allocateUninitializedArray(Ljava/lang/Class;I)Ljava/lang/Object; @ 51 c2
Event: 9.968 Thread 0x000001ca3f6a6c10 DEOPT PACKING pc=0x000001ca33c490c4 sp=0x0000003c058f2eb0
Event: 9.968 Thread 0x000001ca3f6a6c10 DEOPT UNPACKING pc=0x000001ca2c0c20a3 sp=0x0000003c058f2e38 mode 2
Event: 9.968 Thread 0x000001ca3f6a6c10 Uncommon trap: trap_request=0xffffffde fr.pc=0x000001ca33c490c4 relative=0x0000000000000124
Event: 9.968 Thread 0x000001ca3f6a6c10 Uncommon trap: reason=class_check action=maybe_recompile pc=0x000001ca33c490c4 method=jdk.internal.misc.Unsafe.allocateUninitializedArray(Ljava/lang/Class;I)Ljava/lang/Object; @ 51 c2
Event: 9.968 Thread 0x000001ca3f6a6c10 DEOPT PACKING pc=0x000001ca33c490c4 sp=0x0000003c058f2eb0
Event: 9.968 Thread 0x000001ca3f6a6c10 DEOPT UNPACKING pc=0x000001ca2c0c20a3 sp=0x0000003c058f2e38 mode 2

Classes unloaded (7 events):
Event: 9.298 Thread 0x000001ca294bed00 Unloading class 0x0000000100218800 'java/lang/invoke/LambdaForm$MH+0x0000000100218800'
Event: 9.298 Thread 0x000001ca294bed00 Unloading class 0x0000000100218400 'java/lang/invoke/LambdaForm$MH+0x0000000100218400'
Event: 9.298 Thread 0x000001ca294bed00 Unloading class 0x0000000100218000 'java/lang/invoke/LambdaForm$MH+0x0000000100218000'
Event: 9.298 Thread 0x000001ca294bed00 Unloading class 0x0000000100217c00 'java/lang/invoke/LambdaForm$MH+0x0000000100217c00'
Event: 9.298 Thread 0x000001ca294bed00 Unloading class 0x0000000100217400 'java/lang/invoke/LambdaForm$BMH+0x0000000100217400'
Event: 9.298 Thread 0x000001ca294bed00 Unloading class 0x0000000100217000 'java/lang/invoke/LambdaForm$DMH+0x0000000100217000'
Event: 9.298 Thread 0x000001ca294bed00 Unloading class 0x0000000100214400 'java/lang/invoke/LambdaForm$DMH+0x0000000100214400'

Classes redefined (0 events):
No events

Internal exceptions (20 events):
Event: 3.195 Thread 0x000001ca293eca70 Exception <a 'java/lang/NoSuchMethodError'{0x00000000ec3c98e8}: 'void java.lang.invoke.DirectMethodHandle$Holder.invokeSpecial(java.lang.Object, java.lang.Object, java.lang.Object)'> (0x00000000ec3c98e8) 
thrown [e:\jenkins\tmp\workspace\build\src\src\hotspot\share\interpreter\linkResolver.cpp, line 766]
Event: 4.548 Thread 0x000001ca293eca70 Exception <a 'java/lang/NoSuchMethodError'{0x00000000eb7923b8}: 'java.lang.Object java.lang.invoke.DirectMethodHandle$Holder.newInvokeSpecial(java.lang.Object, int, java.lang.Object)'> (0x00000000eb7923b8) 
thrown [e:\jenkins\tmp\workspace\build\src\src\hotspot\share\interpreter\linkResolver.cpp, line 766]
Event: 5.227 Thread 0x000001ca293eca70 Exception <a 'java/lang/UnsatisfiedLinkError'{0x00000000ebd1ae78}: 'void org.eclipse.equinox.launcher.JNIBridge._update_splash()'> (0x00000000ebd1ae78) 
thrown [e:\jenkins\tmp\workspace\build\src\src\hotspot\share\prims\nativeLookup.cpp, line 543]
Event: 5.565 Thread 0x000001ca3f6a6c10 Exception <a 'java/lang/NoSuchMethodError'{0x00000000ebf8e3c0}: 'java.lang.Object java.lang.invoke.DirectMethodHandle$Holder.invokeStaticInit(java.lang.Object)'> (0x00000000ebf8e3c0) 
thrown [e:\jenkins\tmp\workspace\build\src\src\hotspot\share\interpreter\linkResolver.cpp, line 766]
Event: 7.234 Thread 0x000001ca3f6a6c10 Exception <a 'java/io/FileNotFoundException'{0x00000000ebce7080}> (0x00000000ebce7080) 
thrown [e:\jenkins\tmp\workspace\build\src\src\hotspot\share\prims\jni.cpp, line 516]
Event: 7.293 Thread 0x000001ca3f6a6c10 Exception <a 'java/lang/NullPointerException'{0x00000000ebd5a308}> (0x00000000ebd5a308) 
thrown [e:\jenkins\tmp\workspace\build\src\src\hotspot\share\interpreter\linkResolver.cpp, line 1357]
Event: 7.294 Thread 0x000001ca3f6a6c10 Exception <a 'java/lang/NullPointerException'{0x00000000ebd5ab30}> (0x00000000ebd5ab30) 
thrown [e:\jenkins\tmp\workspace\build\src\src\hotspot\share\interpreter\linkResolver.cpp, line 1357]
Event: 7.968 Thread 0x000001ca3f6a6c10 Exception <a 'java/lang/NoSuchMethodError'{0x00000000ead73058}: 'void java.lang.invoke.DirectMethodHandle$Holder.invokeInterface(java.lang.Object, java.lang.Object, java.lang.Object)'> (0x00000000ead73058) 
thrown [e:\jenkins\tmp\workspace\build\src\src\hotspot\share\interpreter\linkResolver.cpp, line 766]
Event: 8.286 Thread 0x000001ca3f6a6c10 Exception <a 'java/lang/NoSuchMethodError'{0x00000000eb07ce60}: 'java.lang.Object java.lang.invoke.Invokers$Holder.invokeExact_MT(java.lang.Object, java.lang.Object, java.lang.Object, java.lang.Object, java.lang.Object, java.lang.Object)'> (0x00000000eb07ce60) 
thrown [e:\jenkins\tmp\workspace\build\src\src\hotspot\share\interpreter\linkResolver.cpp, line 766]
Event: 8.337 Thread 0x000001ca3f6a6c10 Exception <a 'java/lang/NoSuchMethodError'{0x00000000eb167630}: 'java.lang.Object java.lang.invoke.DirectMethodHandle$Holder.invokeStatic(java.lang.Object, java.lang.Object, int)'> (0x00000000eb167630) 
thrown [e:\jenkins\tmp\workspace\build\src\src\hotspot\share\interpreter\linkResolver.cpp, line 766]
Event: 8.341 Thread 0x000001ca3f6a6c10 Exception <a 'java/lang/NoSuchMethodError'{0x00000000eb16c1e0}: 'void java.lang.invoke.DirectMethodHandle$Holder.invokeStatic(java.lang.Object, java.lang.Object, int, java.lang.Object)'> (0x00000000eb16c1e0) 
thrown [e:\jenkins\tmp\workspace\build\src\src\hotspot\share\interpreter\linkResolver.cpp, line 766]
Event: 8.342 Thread 0x000001ca3f6a6c10 Exception <a 'java/lang/NoSuchMethodError'{0x00000000eb173910}: 'void java.lang.invoke.DelegatingMethodHandle$Holder.delegate(java.lang.Object, java.lang.Object, int, java.lang.Object)'> (0x00000000eb173910) 
thrown [e:\jenkins\tmp\workspace\build\src\src\hotspot\share\interpreter\linkResolver.cpp, line 766]
Event: 8.343 Thread 0x000001ca3f6a6c10 Exception <a 'java/lang/NoSuchMethodError'{0x00000000eb177cf8}: 'int java.lang.invoke.DirectMethodHandle$Holder.invokeSpecial(java.lang.Object, java.lang.Object, java.lang.Object)'> (0x00000000eb177cf8) 
thrown [e:\jenkins\tmp\workspace\build\src\src\hotspot\share\interpreter\linkResolver.cpp, line 766]
Event: 8.345 Thread 0x000001ca3f6a6c10 Exception <a 'java/lang/NoSuchMethodError'{0x00000000eb1a99b8}: 'int java.lang.invoke.DirectMethodHandle$Holder.invokeStatic(java.lang.Object, java.lang.Object, int)'> (0x00000000eb1a99b8) 
thrown [e:\jenkins\tmp\workspace\build\src\src\hotspot\share\interpreter\linkResolver.cpp, line 766]
Event: 8.346 Thread 0x000001ca3f6a6c10 Exception <a 'java/lang/NoSuchMethodError'{0x00000000eb1ad9e0}: 'int java.lang.invoke.DirectMethodHandle$Holder.invokeSpecial(java.lang.Object, java.lang.Object, java.lang.Object, int)'> (0x00000000eb1ad9e0) 
thrown [e:\jenkins\tmp\workspace\build\src\src\hotspot\share\interpreter\linkResolver.cpp, line 766]
Event: 8.348 Thread 0x000001ca3f6a6c10 Exception <a 'java/lang/NoSuchMethodError'{0x00000000eb1c9480}: 'java.lang.Object java.lang.invoke.DirectMethodHandle$Holder.invokeStatic(java.lang.Object, java.lang.Object, java.lang.Object, java.lang.Object, int)'> (0x00000000eb1c9480) 
thrown [e:\jenkins\tmp\workspace\build\src\src\hotspot\share\interpreter\linkResolver.cpp, line 766]
Event: 8.350 Thread 0x000001ca3f6a6c10 Exception <a 'java/lang/NoSuchMethodError'{0x00000000eb1d57f0}: 'java.lang.Object java.lang.invoke.DelegatingMethodHandle$Holder.reinvoke_L(java.lang.Object, java.lang.Object, java.lang.Object, java.lang.Object, int, int)'> (0x00000000eb1d57f0) 
thrown [e:\jenkins\tmp\workspace\build\src\src\hotspot\share\interpreter\linkResolver.cpp, line 766]
Event: 8.354 Thread 0x000001ca3f6a6c10 Exception <a 'java/lang/NoSuchMethodError'{0x00000000eb1ed8c8}: 'java.lang.Object java.lang.invoke.Invokers$Holder.invokeExact_MT(java.lang.Object, java.lang.Object, java.lang.Object, java.lang.Object)'> (0x00000000eb1ed8c8) 
thrown [e:\jenkins\tmp\workspace\build\src\src\hotspot\share\interpreter\linkResolver.cpp, line 766]
Event: 9.179 Thread 0x000001ca3f6a6c10 Exception <a 'java/lang/NoSuchMethodError'{0x00000000eba25038}: 'int java.lang.invoke.DirectMethodHandle$Holder.invokeStaticInit(java.lang.Object, java.lang.Object, java.lang.Object)'> (0x00000000eba25038) 
thrown [e:\jenkins\tmp\workspace\build\src\src\hotspot\share\interpreter\linkResolver.cpp, line 766]
Event: 9.335 Thread 0x000001ca3f6a6c10 Exception <a 'java/lang/IncompatibleClassChangeError'{0x00000000eab66208}: Found class java.lang.Object, but interface was expected> (0x00000000eab66208) 
thrown [e:\jenkins\tmp\workspace\build\src\src\hotspot\share\interpreter\linkResolver.cpp, line 833]

VM Operations (20 events):
Event: 7.793 Executing VM operation: ParallelGCFailedAllocation
Event: 7.801 Executing VM operation: ParallelGCFailedAllocation done
Event: 7.824 Executing VM operation: HandshakeAllThreads
Event: 7.824 Executing VM operation: HandshakeAllThreads done
Event: 7.830 Executing VM operation: HandshakeAllThreads
Event: 7.830 Executing VM operation: HandshakeAllThreads done
Event: 8.310 Executing VM operation: HandshakeAllThreads
Event: 8.337 Executing VM operation: HandshakeAllThreads done
Event: 8.614 Executing VM operation: HandshakeAllThreads
Event: 8.614 Executing VM operation: HandshakeAllThreads done
Event: 9.217 Executing VM operation: CollectForMetadataAllocation
Event: 9.333 Executing VM operation: CollectForMetadataAllocation done
Event: 9.355 Executing VM operation: HandshakeAllThreads
Event: 9.422 Executing VM operation: HandshakeAllThreads done
Event: 9.817 Executing VM operation: HandshakeAllThreads
Event: 9.826 Executing VM operation: HandshakeAllThreads done
Event: 10.042 Executing VM operation: HandshakeAllThreads
Event: 10.042 Executing VM operation: HandshakeAllThreads done
Event: 10.042 Executing VM operation: HandshakeAllThreads
Event: 10.042 Executing VM operation: HandshakeAllThreads done

Events (20 events):
Event: 9.426 loading class java/util/concurrent/atomic/Striped64$1 done
Event: 9.490 loading class java/security/Policy$UnsupportedEmptyCollection
Event: 9.490 loading class java/security/Policy$UnsupportedEmptyCollection done
Event: 9.491 loading class java/security/Policy$PolicyInfo
Event: 9.491 loading class java/security/Policy$PolicyInfo done
Event: 9.594 Thread 0x000001ca3f21bb30 Thread added: 0x000001ca3f21bb30
Event: 9.668 loading class java/io/FileReader
Event: 9.668 loading class java/io/FileReader done
Event: 9.668 loading class java/io/FileWriter
Event: 9.669 loading class java/io/FileWriter done
Event: 9.795 Thread 0x000001ca3efd6230 Thread added: 0x000001ca3efd6230
Event: 9.804 loading class java/text/MessageFormat
Event: 9.806 loading class java/text/MessageFormat done
Event: 9.806 loading class java/text/MessageFormat$Field
Event: 9.807 loading class java/text/MessageFormat$Field done
Event: 9.832 loading class java/io/StringReader
Event: 9.833 loading class java/io/StringReader done
Event: 9.975 loading class java/text/ParseException
Event: 9.976 loading class java/text/ParseException done
Event: 10.049 loading class jdk/internal/access/JavaObjectInputStreamAccess


Dynamic libraries:
0x00007ff6f3f60000 - 0x00007ff6f3f6e000 	c:\Users\Lenovo\.vscode\extensions\redhat.java-1.9.0-win32-x64\jre\17.0.3-win32-x86_64\bin\java.exe
0x00007ffbc1490000 - 0x00007ffbc1688000 	C:\WINDOWS\SYSTEM32\ntdll.dll
0x00007ffb8f700000 - 0x00007ffb8f717000 	C:\Program Files\Avast Software\Avast\aswhook.dll
0x00007ffbc09c0000 - 0x00007ffbc0a7d000 	C:\WINDOWS\System32\KERNEL32.DLL
0x00007ffbbeec0000 - 0x00007ffbbf18e000 	C:\WINDOWS\System32\KERNELBASE.dll
0x00007ffbbf2f0000 - 0x00007ffbbf3f0000 	C:\WINDOWS\System32\ucrtbase.dll
0x00007ffbb8b50000 - 0x00007ffbb8b68000 	c:\Users\Lenovo\.vscode\extensions\redhat.java-1.9.0-win32-x64\jre\17.0.3-win32-x86_64\bin\jli.dll
0x00007ffbbf610000 - 0x00007ffbbf7b0000 	C:\WINDOWS\System32\USER32.dll
0x00007ffbbee90000 - 0x00007ffbbeeb2000 	C:\WINDOWS\System32\win32u.dll
0x00007ffbc0410000 - 0x00007ffbc043a000 	C:\WINDOWS\System32\GDI32.dll
0x00007ffbbf1e0000 - 0x00007ffbbf2eb000 	C:\WINDOWS\System32\gdi32full.dll
0x00007ffbbebe0000 - 0x00007ffbbec7d000 	C:\WINDOWS\System32\msvcp_win.dll
0x00007ffbb8940000 - 0x00007ffbb8959000 	c:\Users\Lenovo\.vscode\extensions\redhat.java-1.9.0-win32-x64\jre\17.0.3-win32-x86_64\bin\VCRUNTIME140.dll
0x00007ffbab1c0000 - 0x00007ffbab45a000 	C:\WINDOWS\WinSxS\amd64_microsoft.windows.common-controls_6595b64144ccf1df_6.0.19041.1110_none_60b5254171f9507e\COMCTL32.dll
0x00007ffbc0110000 - 0x00007ffbc01ae000 	C:\WINDOWS\System32\msvcrt.dll
0x00007ffbc0730000 - 0x00007ffbc0760000 	C:\WINDOWS\System32\IMM32.DLL
0x00007ffbb8a10000 - 0x00007ffbb8a1c000 	c:\Users\Lenovo\.vscode\extensions\redhat.java-1.9.0-win32-x64\jre\17.0.3-win32-x86_64\bin\vcruntime140_1.dll
0x00007ffb6c110000 - 0x00007ffb6c1a1000 	c:\Users\Lenovo\.vscode\extensions\redhat.java-1.9.0-win32-x64\jre\17.0.3-win32-x86_64\bin\msvcp140.dll
0x00007ffb46020000 - 0x00007ffb46c68000 	c:\Users\Lenovo\.vscode\extensions\redhat.java-1.9.0-win32-x64\jre\17.0.3-win32-x86_64\bin\server\jvm.dll
0x00007ffbc0760000 - 0x00007ffbc080e000 	C:\WINDOWS\System32\ADVAPI32.dll
0x00007ffbc0810000 - 0x00007ffbc08ac000 	C:\WINDOWS\System32\sechost.dll
0x00007ffbc0230000 - 0x00007ffbc0355000 	C:\WINDOWS\System32\RPCRT4.dll
0x00007ffbc0a80000 - 0x00007ffbc0a88000 	C:\WINDOWS\System32\PSAPI.DLL
0x00007ffba61e0000 - 0x00007ffba61e9000 	C:\WINDOWS\SYSTEM32\WSOCK32.dll
0x00007ffbc0580000 - 0x00007ffbc05eb000 	C:\WINDOWS\System32\WS2_32.dll
0x00007ffba7840000 - 0x00007ffba7867000 	C:\WINDOWS\SYSTEM32\WINMM.dll
0x00007ffbb2fe0000 - 0x00007ffbb2fea000 	C:\WINDOWS\SYSTEM32\VERSION.dll
0x00007ffbbd450000 - 0x00007ffbbd462000 	C:\WINDOWS\SYSTEM32\kernel.appcore.dll
0x00007ffbb75a0000 - 0x00007ffbb75aa000 	c:\Users\Lenovo\.vscode\extensions\redhat.java-1.9.0-win32-x64\jre\17.0.3-win32-x86_64\bin\jimage.dll
0x00007ffba8300000 - 0x00007ffba84e4000 	C:\WINDOWS\SYSTEM32\DBGHELP.DLL
0x00007ffba76d0000 - 0x00007ffba76fc000 	C:\WINDOWS\SYSTEM32\dbgcore.DLL
0x00007ffbbf3f0000 - 0x00007ffbbf472000 	C:\WINDOWS\System32\bcryptPrimitives.dll
0x00007ffbb50c0000 - 0x00007ffbb50ce000 	c:\Users\Lenovo\.vscode\extensions\redhat.java-1.9.0-win32-x64\jre\17.0.3-win32-x86_64\bin\instrument.dll
0x00007ffbaf550000 - 0x00007ffbaf575000 	c:\Users\Lenovo\.vscode\extensions\redhat.java-1.9.0-win32-x64\jre\17.0.3-win32-x86_64\bin\java.dll
0x00007ffbb29c0000 - 0x00007ffbb29d8000 	c:\Users\Lenovo\.vscode\extensions\redhat.java-1.9.0-win32-x64\jre\17.0.3-win32-x86_64\bin\zip.dll
0x00007ffbbf810000 - 0x00007ffbbff54000 	C:\WINDOWS\System32\SHELL32.dll
0x00007ffbbcc20000 - 0x00007ffbbd3b4000 	C:\WINDOWS\SYSTEM32\windows.storage.dll
0x00007ffbc0c80000 - 0x00007ffbc0fd4000 	C:\WINDOWS\System32\combase.dll
0x00007ffbbe530000 - 0x00007ffbbe560000 	C:\WINDOWS\SYSTEM32\Wldp.dll
0x00007ffbc0360000 - 0x00007ffbc040d000 	C:\WINDOWS\System32\SHCORE.dll
0x00007ffbbf7b0000 - 0x00007ffbbf805000 	C:\WINDOWS\System32\shlwapi.dll
0x00007ffbbeaf0000 - 0x00007ffbbeb0f000 	C:\WINDOWS\SYSTEM32\profapi.dll
0x00007ffbaf390000 - 0x00007ffbaf3a9000 	C:\Users\Lenovo\.vscode\extensions\redhat.java-1.9.0-win32-x64\jre\17.0.3-win32-x86_64\bin\net.dll
0x00007ffbbc730000 - 0x00007ffbbc83a000 	C:\WINDOWS\SYSTEM32\WINHTTP.dll
0x00007ffbbe310000 - 0x00007ffbbe37a000 	C:\WINDOWS\system32\mswsock.dll
0x00007ffbacc70000 - 0x00007ffbacc85000 	C:\Users\Lenovo\.vscode\extensions\redhat.java-1.9.0-win32-x64\jre\17.0.3-win32-x86_64\bin\nio.dll
0x00007ffbb1ea0000 - 0x00007ffbb1eb0000 	c:\Users\Lenovo\.vscode\extensions\redhat.java-1.9.0-win32-x64\jre\17.0.3-win32-x86_64\bin\verify.dll
0x00007ffb87410000 - 0x00007ffb8744e000 	C:\Users\Lenovo\AppData\Roaming\Code\User\globalStorage\redhat.java\1.9.0\config_win\org.eclipse.equinox.launcher\org.eclipse.equinox.launcher.win32.win32.x86_64_1.2.500.v20220509-0833\eclipse_11700.dll
0x00007ffbc0440000 - 0x00007ffbc056a000 	C:\WINDOWS\System32\ole32.dll

dbghelp: loaded successfully - version: 4.0.5 - missing functions: none
symbol engine: initialized successfully - sym options: 0x614 - pdb path: .;c:\Users\Lenovo\.vscode\extensions\redhat.java-1.9.0-win32-x64\jre\17.0.3-win32-x86_64\bin;C:\WINDOWS\SYSTEM32;C:\Program Files\Avast Software\Avast;C:\WINDOWS\WinSxS\amd64_microsoft.windows.common-controls_6595b64144ccf1df_6.0.19041.1110_none_60b5254171f9507e;c:\Users\Lenovo\.vscode\extensions\redhat.java-1.9.0-win32-x64\jre\17.0.3-win32-x86_64\bin\server;C:\Users\Lenovo\AppData\Roaming\Code\User\globalStorage\redhat.java\1.9.0\config_win\org.eclipse.equinox.launcher\org.eclipse.equinox.launcher.win32.win32.x86_64_1.2.500.v20220509-0833

VM Arguments:
jvm_args: --add-modules=ALL-SYSTEM --add-opens=java.base/java.util=ALL-UNNAMED --add-opens=java.base/java.lang=ALL-UNNAMED --add-opens=java.base/sun.nio.fs=ALL-UNNAMED -Declipse.application=org.eclipse.jdt.ls.core.id1 -Dosgi.bundles.defaultStartLevel=4 -Declipse.product=org.eclipse.jdt.ls.core.product -Djava.import.generatesMetadataFilesAtProjectRoot=false -Dfile.encoding=utf8 -DwatchParentProcess=false -XX:+UseParallelGC -XX:GCTimeRatio=4 -XX:AdaptiveSizePolicyWeight=90 -Dsun.zip.disableMemoryMapping=true -Xmx1G -Xms100m -javaagent:c:\Users\Lenovo\.vscode\extensions\redhat.java-1.9.0-win32-x64\lombok\lombok-1.18.24.jar -XX:+HeapDumpOnOutOfMemoryError -XX:HeapDumpPath=c:\Users\Lenovo\AppData\Roaming\Code\User\workspaceStorage\7b35a879ce3f0ccafaa0f442e0cf8095\redhat.java 
java_command: c:\Users\Lenovo\.vscode\extensions\redhat.java-1.9.0-win32-x64\server\plugins\org.eclipse.equinox.launcher_1.6.400.v20210924-0641.jar -configuration c:\Users\Lenovo\AppData\Roaming\Code\User\globalStorage\redhat.java\1.9.0\config_win -data c:\Users\Lenovo\AppData\Roaming\Code\User\workspaceStorage\7b35a879ce3f0ccafaa0f442e0cf8095\redhat.java\jdt_ws
java_class_path (initial): c:\Users\Lenovo\.vscode\extensions\redhat.java-1.9.0-win32-x64\server\plugins\org.eclipse.equinox.launcher_1.6.400.v20210924-0641.jar
Launcher Type: SUN_STANDARD

[Global flags]
    uintx AdaptiveSizePolicyWeight                 = 90                                        {product} {command line}
     intx CICompilerCount                          = 3                                         {product} {ergonomic}
    uintx GCTimeRatio                              = 4                                         {product} {command line}
     bool HeapDumpOnOutOfMemoryError               = true                                   {manageable} {command line}
    ccstr HeapDumpPath                             = c:\Users\Lenovo\AppData\Roaming\Code\User\workspaceStorage\7b35a879ce3f0ccafaa0f442e0cf8095\redhat.java         {manageable} {command line}
   size_t InitialHeapSize                          = 104857600                                 {product} {command line}
   size_t MaxHeapSize                              = 1073741824                                {product} {command line}
   size_t MaxNewSize                               = 357564416                                 {product} {ergonomic}
   size_t MinHeapDeltaBytes                        = 524288                                    {product} {ergonomic}
   size_t MinHeapSize                              = 104857600                                 {product} {command line}
   size_t NewSize                                  = 34603008                                  {product} {ergonomic}
    uintx NonNMethodCodeHeapSize                   = 5832780                                {pd product} {ergonomic}
    uintx NonProfiledCodeHeapSize                  = 122912730                              {pd product} {ergonomic}
   size_t OldSize                                  = 70254592                                  {product} {ergonomic}
    uintx ProfiledCodeHeapSize                     = 122912730                              {pd product} {ergonomic}
    uintx ReservedCodeCacheSize                    = 251658240                              {pd product} {ergonomic}
     bool SegmentedCodeCache                       = true                                      {product} {ergonomic}
   size_t SoftMaxHeapSize                          = 1073741824                             {manageable} {ergonomic}
     bool UseCompressedClassPointers               = true                           {product lp64_product} {ergonomic}
     bool UseCompressedOops                        = true                           {product lp64_product} {ergonomic}
     bool UseLargePagesIndividualAllocation        = false                                  {pd product} {ergonomic}
     bool UseParallelGC                            = true                                      {product} {command line}

Logging:
Log output configuration:
 #0: stdout all=warning uptime,level,tags
 #1: stderr all=off uptime,level,tags

Environment Variables:
JAVA_HOME=C:\Program Files\OpenJDK\jdk-8.0.262.10-hotspot\
PATH=C:\Program Files\Eclipse Adoptium\jdk-11.0.15.10-hotspot\bin;C:\Program Files\OpenJDK\jdk-8.0.262.10-hotspot\bin;C:\WINDOWS\system32;C:\WINDOWS;C:\WINDOWS\System32\Wbem;C:\WINDOWS\System32\WindowsPowerShell\v1.0\;C:\WINDOWS\System32\OpenSSH\;C:\Program Files (x86)\mingw-w64\i686-8.1.0-posix-dwarf-rt_v6-rev0\mingw32\bin;C:\Program Files\Git\cmd;C:\Program Files\MongoDB\Server\4.4;C:\Program Files\PostgreSQL\13\bin;C:\Program Files\MongoDB\Server\4.4\bin;C:\Program Files\Microsoft SQL Server\Client SDK\ODBC\170\Tools\Binn\;C:\Program Files (x86)\Microsoft SQL Server\150\Tools\Binn\;C:\Program Files\Microsoft SQL Server\150\Tools\Binn\;C:\Program Files\Microsoft SQL Server\150\DTS\Binn\;C:\Program Files (x86)\Microsoft SQL Server\150\DTS\Binn\;C:\Program Files\Azure Data Studio\bin;C:\Program Files (x86)\mingw-w64\i686-8.1.0-posix-dwarf-rt_v6-rev0;C:\Program Files\OpenSSL-Win64\bin;C:\ProgramData\chocolatey\bin;C:\ProgramData\nvm;C:\Program Files\nodejs;C:\cygwin64\bin;C:\Program Files\wget;C:\Program Files\Java\apache-maven-3.8.6\bin;;C:\Program Files\Docker\Docker\resources\bin;C:\ProgramData\DockerDesktop\version-bin;C:\Program Files\MySQL\MySQL Shell 8.0\bin\;C:\Users\Lenovo\AppData\Local\Microsoft\WindowsApps;C:\Program Files\JetBrains\WebStorm 2020.3\bin;;C:\Users\Lenovo\AppData\Local\Programs\Microsoft VS Code\bin;C:\Program Files\heroku\bin;C:\Program Files\Azure Data Studio\bin;C:\ProgramData\nvm;C:\Program Files\nodejs;D:\IntelliJ IDEA 2022.1.3\bin;;E:\IntelliJ IDEA Community Edition 2022.1.3\bin;
USERNAME=Lenovo
OS=Windows_NT
PROCESSOR_IDENTIFIER=Intel64 Family 6 Model 142 Stepping 9, GenuineIntel



---------------  S Y S T E M  ---------------

OS:
 Windows 10 , 64 bit Build 19041 (10.0.19041.1806)
OS uptime: 6 days 3:00 hours
Hyper-V role detected

CPU: total 4 (initial active 4) (2 cores per cpu, 2 threads per core) family 6 model 142 stepping 9 microcode 0xca, cx8, cmov, fxsr, ht, mmx, 3dnowpref, sse, sse2, sse3, ssse3, sse4.1, sse4.2, popcnt, lzcnt, tsc, tscinvbit, avx, avx2, aes, erms, clmul, bmi1, bmi2, rtm, adx, fma, vzeroupper, clflush, clflushopt, hv

Memory: 4k page, system-wide physical 16223M (2953M free)
TotalPageFile size 25719M (AvailPageFile size 163M)
current process WorkingSet (physical memory assigned to process): 127M, peak: 129M
current process commit charge ("private bytes"): 220M, peak: 222M

vm_info: OpenJDK 64-Bit Server VM (17.0.3+7) for windows-amd64 JRE (17.0.3+7), built on Apr 19 2022 16:55:35 by "" with MS VC++ 16.7 (VS2019)

END.
