#
# There is insufficient memory for the Java Runtime Environment to continue.
# Native memory allocation (mmap) failed to map 266338304 bytes for Failed to commit area from 0x0000000702800000 to 0x0000000712600000 of length 266338304.
# Possible reasons:
#   The system is out of physical RAM or swap space
#   The process is running with CompressedOops enabled, and the Java Heap may be blocking the growth of the native heap
# Possible solutions:
#   Reduce memory load on the system
#   Increase physical memory or swap space
#   Check if swap backing store is full
#   Decrease Java heap size (-Xmx/-Xms)
#   Decrease number of Java threads
#   Decrease Java thread stack sizes (-Xss)
#   Set larger code cache with -XX:ReservedCodeCacheSize=
# This output file may be truncated or incomplete.
#
#  Out of Memory Error (./src/hotspot/os/windows/os_windows.cpp:3303), pid=10476, tid=23592
#
# JRE version:  (11.0.9+11) (build )
# Java VM: OpenJDK 64-Bit Server VM (11.0.9+11-b1145.21, mixed mode, sharing, tiered, compressed oops, g1 gc, windows-amd64)
# No core dump will be written. Minidumps are not enabled by default on client versions of Windows
#

---------------  S U M M A R Y ------------

Command Line: org.jetbrains.git4idea.http.GitAskPassApp Username for 'https://github.com': 

Host: Intel(R) Core(TM) i5-7300U CPU @ 2.60GHz, 4 cores, 15G,  Windows 10 , 64 bit Build 19041 (10.0.19041.1806)
Time: Mon Jul 25 20:45:12 2022 SE Asia Standard Time elapsed time: 0.034300 seconds (0d 0h 0m 0s)

---------------  T H R E A D  ---------------

Current thread (0x0000020b8c265800):  JavaThread "Unknown thread" [_thread_in_vm, id=23592, stack(0x00000067c9600000,0x00000067c9700000)]

Stack: [0x00000067c9600000,0x00000067c9700000]
Native frames: (J=compiled Java code, j=interpreted, Vv=VM code, C=native code)
V  [jvm.dll+0x5ed3ca]
V  [jvm.dll+0x722725]
V  [jvm.dll+0x723c7d]
V  [jvm.dll+0x724333]
V  [jvm.dll+0x242bd8]
V  [jvm.dll+0x5ea884]
V  [jvm.dll+0x5df995]
V  [jvm.dll+0x2fe13b]
V  [jvm.dll+0x2fe0aa]
V  [jvm.dll+0x2fdf82]
V  [jvm.dll+0x302e56]
V  [jvm.dll+0x34b583]
V  [jvm.dll+0x34bc86]
V  [jvm.dll+0x34b683]
V  [jvm.dll+0x2d8df8]
V  [jvm.dll+0x2d9f97]
V  [jvm.dll+0x701517]
V  [jvm.dll+0x702d0c]
V  [jvm.dll+0x358b39]
V  [jvm.dll+0x6e4f9e]
V  [jvm.dll+0x3c0db3]
V  [jvm.dll+0x3c2f61]
C  [jli.dll+0x5373]
C  [ucrtbase.dll+0x21bb2]
C  [KERNEL32.DLL+0x17034]
C  [ntdll.dll+0x52651]


---------------  P R O C E S S  ---------------

Threads class SMR info:
_java_thread_list=0x0000020b8a0a4340, length=0, elements={
}

Java Threads: ( => current thread )

Other Threads:
  0x0000020b8c27d800 GCTaskThread "GC Thread#0" [stack: 0x00000067c9700000,0x00000067c9800000] [id=12316]
  0x0000020b8c2db000 ConcurrentGCThread "G1 Main Marker" [stack: 0x00000067c9800000,0x00000067c9900000] [id=10316]
  0x0000020b8c2de800 ConcurrentGCThread "G1 Conc#0" [stack: 0x00000067c9900000,0x00000067c9a00000] [id=24160]

[error occurred during error reporting (printing all threads), id 0xc0000005, EXCEPTION_ACCESS_VIOLATION (0xc0000005) at pc=0x00007ffb4cc39397]

VM state:not at safepoint (not fully initialized)

VM Mutex/Monitor currently owned by a thread:  ([mutex/lock_event])
[0x0000020b8c2615a0] Heap_lock - owner thread: 0x0000020b8c265800

Heap address: 0x0000000702800000, size: 4056 MB, Compressed Oops mode: Non-zero based: 0x0000000702800000
Narrow klass base: 0x0000000000000000, Narrow klass shift: 0

GC Heap History (0 events):
No events

Deoptimization events (0 events):
No events

Classes redefined (0 events):
No events

Internal exceptions (0 events):
No events

Events (1 events):
Event: 0.019 Loaded shared library C:\Program Files\JetBrains\WebStorm 2020.3\jbr\bin\zip.dll


Dynamic libraries:
0x00007ff73bd00000 - 0x00007ff73bd0a000 	C:\Program Files\JetBrains\WebStorm 2020.3\jbr\bin\java.exe
0x00007ffbc1490000 - 0x00007ffbc1688000 	C:\WINDOWS\SYSTEM32\ntdll.dll
0x00007ffb8f700000 - 0x00007ffb8f717000 	C:\Program Files\Avast Software\Avast\aswhook.dll
0x00007ffbc09c0000 - 0x00007ffbc0a7d000 	C:\WINDOWS\System32\KERNEL32.DLL
0x00007ffbbeec0000 - 0x00007ffbbf18e000 	C:\WINDOWS\System32\KERNELBASE.dll
0x00007ffbbf2f0000 - 0x00007ffbbf3f0000 	C:\WINDOWS\System32\ucrtbase.dll
0x00007ffb83690000 - 0x00007ffb836a9000 	C:\Program Files\JetBrains\WebStorm 2020.3\jbr\bin\jli.dll
0x00007ffb82570000 - 0x00007ffb82587000 	C:\Program Files\JetBrains\WebStorm 2020.3\jbr\bin\VCRUNTIME140.dll
0x00007ffbbf610000 - 0x00007ffbbf7b0000 	C:\WINDOWS\System32\USER32.dll
0x00007ffbbee90000 - 0x00007ffbbeeb2000 	C:\WINDOWS\System32\win32u.dll
0x00007ffbc0410000 - 0x00007ffbc043a000 	C:\WINDOWS\System32\GDI32.dll
0x00007ffbab1c0000 - 0x00007ffbab45a000 	C:\WINDOWS\WinSxS\amd64_microsoft.windows.common-controls_6595b64144ccf1df_6.0.19041.1110_none_60b5254171f9507e\COMCTL32.dll
0x00007ffbbf1e0000 - 0x00007ffbbf2eb000 	C:\WINDOWS\System32\gdi32full.dll
0x00007ffbc0110000 - 0x00007ffbc01ae000 	C:\WINDOWS\System32\msvcrt.dll
0x00007ffbbebe0000 - 0x00007ffbbec7d000 	C:\WINDOWS\System32\msvcp_win.dll
0x00007ffbc0730000 - 0x00007ffbc0760000 	C:\WINDOWS\System32\IMM32.DLL
0x00007ffb57430000 - 0x00007ffb574cd000 	C:\Program Files\JetBrains\WebStorm 2020.3\jbr\bin\msvcp140.dll
0x00007ffb4c950000 - 0x00007ffb4d41e000 	C:\Program Files\JetBrains\WebStorm 2020.3\jbr\bin\server\jvm.dll
0x00007ffbc0760000 - 0x00007ffbc080e000 	C:\WINDOWS\System32\ADVAPI32.dll
0x00007ffbc0810000 - 0x00007ffbc08ac000 	C:\WINDOWS\System32\sechost.dll
0x00007ffbc0230000 - 0x00007ffbc0355000 	C:\WINDOWS\System32\RPCRT4.dll
0x00007ffbc0a80000 - 0x00007ffbc0a88000 	C:\WINDOWS\System32\PSAPI.DLL
0x00007ffba7840000 - 0x00007ffba7867000 	C:\WINDOWS\SYSTEM32\WINMM.dll
0x00007ffba61e0000 - 0x00007ffba61e9000 	C:\WINDOWS\SYSTEM32\WSOCK32.dll
0x00007ffbc0580000 - 0x00007ffbc05eb000 	C:\WINDOWS\System32\WS2_32.dll
0x00007ffbb2fe0000 - 0x00007ffbb2fea000 	C:\WINDOWS\SYSTEM32\VERSION.dll
0x00007ffbbd450000 - 0x00007ffbbd462000 	C:\WINDOWS\SYSTEM32\kernel.appcore.dll
0x00007ffbacdc0000 - 0x00007ffbacdd1000 	C:\Program Files\JetBrains\WebStorm 2020.3\jbr\bin\verify.dll
0x00007ffba8300000 - 0x00007ffba84e4000 	C:\WINDOWS\SYSTEM32\DBGHELP.DLL
0x00007ffba76d0000 - 0x00007ffba76fc000 	C:\WINDOWS\SYSTEM32\dbgcore.DLL
0x00007ffbbf3f0000 - 0x00007ffbbf472000 	C:\WINDOWS\System32\bcryptPrimitives.dll
0x00007ffba1090000 - 0x00007ffba10b9000 	C:\Program Files\JetBrains\WebStorm 2020.3\jbr\bin\java.dll
0x00007ffbaf920000 - 0x00007ffbaf92b000 	C:\Program Files\JetBrains\WebStorm 2020.3\jbr\bin\jimage.dll
0x00007ffba8b70000 - 0x00007ffba8b88000 	C:\Program Files\JetBrains\WebStorm 2020.3\jbr\bin\zip.dll

dbghelp: loaded successfully - version: 4.0.5 - missing functions: none
symbol engine: initialized successfully - sym options: 0x614 - pdb path: .;C:\Program Files\JetBrains\WebStorm 2020.3\jbr\bin;C:\WINDOWS\SYSTEM32;C:\Program Files\Avast Software\Avast;C:\WINDOWS\WinSxS\amd64_microsoft.windows.common-controls_6595b64144ccf1df_6.0.19041.1110_none_60b5254171f9507e;C:\Program Files\JetBrains\WebStorm 2020.3\jbr\bin\server

VM Arguments:
java_command: org.jetbrains.git4idea.http.GitAskPassApp Username for 'https://github.com': 
java_class_path (initial): C:/Program Files/JetBrains/WebStorm 2020.3/plugins/git4idea/lib/git4idea-rt.jar;C:/Program Files/JetBrains/WebStorm 2020.3/lib/xmlrpc-2.0.1.jar;C:/Program Files/JetBrains/WebStorm 2020.3/lib/commons-codec-1.14.jar
Launcher Type: SUN_STANDARD

[Global flags]
     intx CICompilerCount                          = 3                                         {product} {ergonomic}
     uint ConcGCThreads                            = 1                                         {product} {ergonomic}
     uint G1ConcRefinementThreads                  = 4                                         {product} {ergonomic}
   size_t G1HeapRegionSize                         = 1048576                                   {product} {ergonomic}
    uintx GCDrainStackTargetSize                   = 64                                        {product} {ergonomic}
   size_t InitialHeapSize                          = 266338304                                 {product} {ergonomic}
   size_t MarkStackSize                            = 4194304                                   {product} {ergonomic}
   size_t MaxHeapSize                              = 4253024256                                {product} {ergonomic}
   size_t MinHeapDeltaBytes                        = 1048576                                   {product} {ergonomic}
    uintx NonNMethodCodeHeapSize                   = 5830732                                {pd product} {ergonomic}
    uintx NonProfiledCodeHeapSize                  = 122913754                              {pd product} {ergonomic}
    uintx ProfiledCodeHeapSize                     = 122913754                              {pd product} {ergonomic}
    uintx ReservedCodeCacheSize                    = 251658240                              {pd product} {ergonomic}
     bool SegmentedCodeCache                       = true                                      {product} {ergonomic}
     bool UseCompressedClassPointers               = true                                 {lp64_product} {ergonomic}
     bool UseCompressedOops                        = true                                 {lp64_product} {ergonomic}
     bool UseG1GC                                  = true                                      {product} {ergonomic}
     bool UseLargePagesIndividualAllocation        = false                                  {pd product} {ergonomic}

Logging:
Log output configuration:
 #0: stdout all=warning uptime,level,tags
 #1: stderr all=off uptime,level,tags

Environment Variables:
JAVA_HOME=C:\Program Files\OpenJDK\jdk-8.0.262.10-hotspot\
PATH=C:\Program Files\Git\mingw64\libexec\git-core;C:\Program Files\Git\mingw64\libexec\git-core;C:\Program Files\Git\mingw64\bin;C:\Program Files\Git\usr\bin;C:\Users\Lenovo\bin;C:\Program Files\Eclipse Adoptium\jdk-11.0.15.10-hotspot\bin;C:\Program Files\OpenJDK\jdk-8.0.262.10-hotspot\bin;C:\WINDOWS\system32;C:\WINDOWS;C:\WINDOWS\System32\Wbem;C:\WINDOWS\System32\WindowsPowerShell\v1.0;C:\WINDOWS\System32\OpenSSH;C:\Program Files (x86)\mingw-w64\i686-8.1.0-posix-dwarf-rt_v6-rev0\mingw32\bin;C:\Program Files\Git\cmd;C:\Program Files\MongoDB\Server\4.4;C:\Program Files\PostgreSQL\13\bin;C:\Program Files\MongoDB\Server\4.4\bin;C:\Program Files\Microsoft SQL Server\Client SDK\ODBC\170\Tools\Binn;C:\Program Files (x86)\Microsoft SQL Server\150\Tools\Binn;C:\Program Files\Microsoft SQL Server\150\Tools\Binn;C:\Program Files\Microsoft SQL Server\150\DTS\Binn;C:\Program Files (x86)\Microsoft SQL Server\150\DTS\Binn;C:\Program Files\Azure Data Studio\bin;C:\Program Files (x86)\mingw-w64\i686-8.1.0-posix-dwarf-rt_v6-rev0;C:\Program Files\OpenSSL-Win64\bin;C:\ProgramData\chocolatey\bin;C:\ProgramData\nvm;C:\Program Files\nodejs;C:\cygwin64\bin;C:\Program Files\wget;C:\Program Files\Java\apache-maven-3.8.6\bin;C:\Program Files\Docker\Docker\resources\bin;C:\ProgramData\DockerDesktop\version-bin;C:\Program Files\MySQL\MySQL Shell 8.0\bin;C:\Users\Lenovo\AppData\Local\Microsoft\WindowsApps;C:\Program Files\JetBrains\WebStorm 2020.3\bin;C:\Users\Lenovo\AppData\Local\Programs\Microsoft VS Code\bin;C:\Program Files\heroku\bin;C:\Program Files\Azure Data Studio\bin;C:\ProgramData\nvm;C:\Program Files\nodejs;D:\IntelliJ IDEA 2022.1.3\bin;E:\IntelliJ IDEA Community Edition 2022.1.3\bin
USERNAME=Lenovo
DISPLAY=:0.0
LC_ALL=en_US.UTF-8
OS=Windows_NT
PROCESSOR_IDENTIFIER=Intel64 Family 6 Model 142 Stepping 9, GenuineIntel



---------------  S Y S T E M  ---------------

OS: Windows 10 , 64 bit Build 19041 (10.0.19041.1806)
OS uptime: 6 days 3:11 hours
HyperV virtualization detected

CPU:total 4 (initial active 4) (2 cores per cpu, 2 threads per core) family 6 model 142 stepping 9, cmov, cx8, fxsr, mmx, sse, sse2, sse3, ssse3, sse4.1, sse4.2, popcnt, avx, avx2, aes, clmul, erms, rtm, 3dnowpref, lzcnt, ht, tsc, tscinvbit, bmi1, bmi2, adx, fma

Memory: 4k page, system-wide physical 16223M (2900M free)
TotalPageFile size 25719M (AvailPageFile size 234M)
current process WorkingSet (physical memory assigned to process): 10M, peak: 10M
current process commit charge ("private bytes"): 52M, peak: 306M

vm_info: OpenJDK 64-Bit Server VM (11.0.9+11-b1145.21) for windows-amd64 JRE (11.0.9+11-b1145.21), built on Nov 21 2020 14:37:09 by "" with MS VC++ 14.0 (VS2015)

END.
